2013-02-27 10:58:36,920 [DEBUG][org.jppf.ui.options.xml.OptionDescriptorParser.createScriptDescriptor(269)]: no protocol: org/jppf/ui/options/xml/imports.groovy
2013-02-27 10:58:36,923 [DEBUG][org.jppf.ui.options.xml.OptionDescriptorParser.createScriptDescriptor(269)]: no protocol: org/jppf/ui/options/xml/jppfAdminTool.groovy
2013-02-27 10:58:37,156 [INFO ][org.jppf.client.AbstractGenericClient.<init>(101)]: JPPF client starting with sslEnabled = false
2013-02-27 10:58:37,872 [DEBUG][org.jppf.ui.options.xml.OptionDescriptorParser.createScriptDescriptor(269)]: no protocol: org/jppf/ui/options/xml/imports.groovy
2013-02-27 10:58:37,872 [DEBUG][org.jppf.ui.options.xml.OptionDescriptorParser.createScriptDescriptor(269)]: no protocol: org/jppf/ui/options/xml/chartsConfig.groovy
2013-02-27 10:58:37,966 [DEBUG][org.jppf.ui.options.xml.OptionDescriptorParser.createScriptDescriptor(269)]: no protocol: org/jppf/ui/options/xml/imports.groovy
2013-02-27 10:58:37,967 [DEBUG][org.jppf.ui.options.xml.OptionDescriptorParser.createScriptDescriptor(269)]: no protocol: org/jppf/ui/options/xml/bundleSize.groovy
2013-02-27 10:58:38,073 [INFO ][org.jppf.client.AbstractGenericClient.newConnection(247)]: connection [driver-1] created
2013-02-27 10:58:38,126 [INFO ][org.jppf.client.ClassServerDelegateImpl.init(80)]: [client: driver-1 - ClassServer] Attempting connection to the class server at ZAP:11111
2013-02-27 10:58:38,136 [INFO ][org.jppf.client.ClassServerDelegateImpl.init(91)]: [client: driver-1 - ClassServer] Reconnected to the class server
2013-02-27 17:12:10,129 [ERROR][org.jppf.ui.treetable.TreeTableModelAdapter.setSelectedPaths(308)]: Null child not allowed
java.lang.NullPointerException: Null child not allowed
	at javax.swing.tree.TreePath.pathByAddingChild(Unknown Source)
	at javax.swing.tree.FixedHeightLayoutCache$SearchInfo.getPath(Unknown Source)
	at javax.swing.tree.FixedHeightLayoutCache.getPathForRow(Unknown Source)
	at javax.swing.plaf.basic.BasicTreeUI.getPathForRow(Unknown Source)
	at javax.swing.JTree.getPathForRow(Unknown Source)
	at org.jppf.ui.actions.JTreeTableActionHandler.computeSelectedElements(JTreeTableActionHandler.java:89)
	at org.jppf.ui.actions.JTreeTableActionHandler$1.valueChanged(JTreeTableActionHandler.java:71)
	at javax.swing.DefaultListSelectionModel.fireValueChanged(Unknown Source)
	at javax.swing.DefaultListSelectionModel.fireValueChanged(Unknown Source)
	at javax.swing.DefaultListSelectionModel.fireValueChanged(Unknown Source)
	at javax.swing.DefaultListSelectionModel.changeSelection(Unknown Source)
	at javax.swing.DefaultListSelectionModel.changeSelection(Unknown Source)
	at javax.swing.DefaultListSelectionModel.addSelectionInterval(Unknown Source)
	at javax.swing.tree.DefaultTreeSelectionModel.resetRowSelection(Unknown Source)
	at org.jppf.ui.treetable.JTreeTable$ListToTreeSelectionModelWrapper.resetRowSelection(JTreeTable.java:398)
	at javax.swing.tree.DefaultTreeSelectionModel.setSelectionPaths(Unknown Source)
	at javax.swing.JTree.setSelectionPaths(Unknown Source)
	at org.jppf.ui.treetable.TreeTableModelAdapter.setSelectedPaths(TreeTableModelAdapter.java:304)
	at org.jppf.ui.treetable.TreeTableModelAdapter$3.run(TreeTableModelAdapter.java:275)
	at java.awt.event.InvocationEvent.dispatch(Unknown Source)
	at java.awt.EventQueue.dispatchEventImpl(Unknown Source)
	at java.awt.EventQueue.access$000(Unknown Source)
	at java.awt.EventQueue$3.run(Unknown Source)
	at java.awt.EventQueue$3.run(Unknown Source)
	at java.security.AccessController.doPrivileged(Native Method)
	at java.security.ProtectionDomain$1.doIntersectionPrivilege(Unknown Source)
	at java.awt.EventQueue.dispatchEvent(Unknown Source)
	at java.awt.EventDispatchThread.pumpOneEventForFilters(Unknown Source)
	at java.awt.EventDispatchThread.pumpEventsForFilter(Unknown Source)
	at java.awt.EventDispatchThread.pumpEventsForHierarchy(Unknown Source)
	at java.awt.EventDispatchThread.pumpEvents(Unknown Source)
	at java.awt.EventDispatchThread.pumpEvents(Unknown Source)
	at java.awt.EventDispatchThread.run(Unknown Source)
2013-02-27 17:12:18,734 [ERROR][org.jppf.ui.treetable.TreeTableModelAdapter.setSelectedPaths(308)]: Null child not allowed
java.lang.NullPointerException: Null child not allowed
	at javax.swing.tree.TreePath.pathByAddingChild(Unknown Source)
	at javax.swing.tree.FixedHeightLayoutCache$SearchInfo.getPath(Unknown Source)
	at javax.swing.tree.FixedHeightLayoutCache.getPathForRow(Unknown Source)
	at javax.swing.plaf.basic.BasicTreeUI.getPathForRow(Unknown Source)
	at javax.swing.JTree.getPathForRow(Unknown Source)
	at org.jppf.ui.actions.JTreeTableActionHandler.computeSelectedElements(JTreeTableActionHandler.java:89)
	at org.jppf.ui.actions.JTreeTableActionHandler$1.valueChanged(JTreeTableActionHandler.java:71)
	at javax.swing.DefaultListSelectionModel.fireValueChanged(Unknown Source)
	at javax.swing.DefaultListSelectionModel.fireValueChanged(Unknown Source)
	at javax.swing.DefaultListSelectionModel.fireValueChanged(Unknown Source)
	at javax.swing.DefaultListSelectionModel.changeSelection(Unknown Source)
	at javax.swing.DefaultListSelectionModel.changeSelection(Unknown Source)
	at javax.swing.DefaultListSelectionModel.addSelectionInterval(Unknown Source)
	at javax.swing.tree.DefaultTreeSelectionModel.resetRowSelection(Unknown Source)
	at org.jppf.ui.treetable.JTreeTable$ListToTreeSelectionModelWrapper.resetRowSelection(JTreeTable.java:398)
	at javax.swing.tree.DefaultTreeSelectionModel.setSelectionPaths(Unknown Source)
	at javax.swing.JTree.setSelectionPaths(Unknown Source)
	at org.jppf.ui.treetable.TreeTableModelAdapter.setSelectedPaths(TreeTableModelAdapter.java:304)
	at org.jppf.ui.treetable.TreeTableModelAdapter$3.run(TreeTableModelAdapter.java:275)
	at java.awt.event.InvocationEvent.dispatch(Unknown Source)
	at java.awt.EventQueue.dispatchEventImpl(Unknown Source)
	at java.awt.EventQueue.access$000(Unknown Source)
	at java.awt.EventQueue$3.run(Unknown Source)
	at java.awt.EventQueue$3.run(Unknown Source)
	at java.security.AccessController.doPrivileged(Native Method)
	at java.security.ProtectionDomain$1.doIntersectionPrivilege(Unknown Source)
	at java.awt.EventQueue.dispatchEvent(Unknown Source)
	at java.awt.EventDispatchThread.pumpOneEventForFilters(Unknown Source)
	at java.awt.EventDispatchThread.pumpEventsForFilter(Unknown Source)
	at java.awt.EventDispatchThread.pumpEventsForHierarchy(Unknown Source)
	at java.awt.EventDispatchThread.pumpEvents(Unknown Source)
	at java.awt.EventDispatchThread.pumpEvents(Unknown Source)
	at java.awt.EventDispatchThread.run(Unknown Source)
