2013-02-15 11:36:45,241 [INFO ][org.jppf.node.NodeRunner.main(121)]: --------------------------------------------------------------------------------
2013-02-15 11:36:45,246 [INFO ][org.jppf.node.NodeRunner.main(122)]: JPPF version information: Version: 3.2.2, Build number: 0907, Build date: 2013-01-27 07:16 CET
2013-02-15 11:36:45,246 [INFO ][org.jppf.node.NodeRunner.main(123)]: starting node with PID=14292, UUID=037431A5-775D-ADF6-66B0-7F1B2B8F0490
2013-02-15 11:36:45,247 [INFO ][org.jppf.node.NodeRunner.main(124)]: --------------------------------------------------------------------------------
2013-02-15 11:36:46,663 [INFO ][org.jppf.classloader.ClassLoaderRequestHandler.run(161)]: maxBatchSize = 1
2013-02-15 11:36:46,725 [INFO ][org.jppf.server.node.NodeExecutionManagerImpl.<init>(146)]: running 1 processing thread
2013-02-15 11:36:46,726 [INFO ][org.jppf.server.node.NodeExecutionManagerImpl.createThreadManager(178)]: Using default thread manager22013-02-15 17:01:59,420 [ERROR][org.jppf.server.node.remote.RemoteNodeIO.deserializeObjects(101)]: Exception occurred while deserializing the tasks
java.lang.OutOfMemoryError: Java heap space
	at org.jppf.io.FileDataLocation.transferFrom(FileDataLocation.java:143)
	at org.jppf.io.IOHelper.readData(IOHelper.java:97)
	at org.jppf.server.node.remote.JPPFRemoteContainer.deserializeObjects(JPPFRemoteContainer.java:88)
	at org.jppf.server.node.remote.RemoteNodeIO.deserializeObjects(RemoteNodeIO.java:90)
	at org.jppf.server.node.remote.RemoteNodeIO.deserializeObjects(RemoteNodeIO.java:72)
	at org.jppf.server.node.AbstractNodeIO.readObjects(AbstractNodeIO.java:115)
	at org.jppf.server.node.AbstractNodeIO.readTask(AbstractNodeIO.java:84)
	at org.jppf.server.node.JPPFNode.perform(JPPFNode.java:169)
	at org.jppf.server.node.JPPFNode.run(JPPFNode.java:129)
	at org.jppf.node.NodeRunner.main(NodeRunner.java:149)
2013-02-15 17:01:59,420 [ERROR][org.jppf.server.node.JPPFContainer.call(194)]: Java heap space [object index: 27]
java.lang.OutOfMemoryError: Java heap space
	at java.lang.reflect.Array.newInstance(Unknown Source)
	at java.io.ObjectInputStream.readArray(Unknown Source)
	at java.io.ObjectInputStream.readObject0(Unknown Source)
	at java.io.ObjectInputStream.readArray(Unknown Source)
	at java.io.ObjectInputStream.readObject0(Unknown Source)
	at java.io.ObjectInputStream.readArray(Unknown Source)
	at java.io.ObjectInputStream.readObject0(Unknown Source)
	at java.io.ObjectInputStream.defaultReadFields(Unknown Source)
	at java.io.ObjectInputStream.readSerialData(Unknown Source)
	at java.io.ObjectInputStream.readOrdinaryObject(Unknown Source)
	at java.io.ObjectInputStream.readObject0(Unknown Source)
	at java.io.ObjectInputStream.defaultReadFields(Unknown Source)
	at java.io.ObjectInputStream.readSerialData(Unknown Source)
	at java.io.ObjectInputStream.readOrdinaryObject(Unknown Source)
	at java.io.ObjectInputStream.readObject0(Unknown Source)
	at java.io.ObjectInputStream.readObject(Unknown Source)
	at org.jppf.utils.ObjectSerializerImpl.deserialize(ObjectSerializerImpl.java:166)
	at org.jppf.utils.ObjectSerializerImpl.deserialize(ObjectSerializerImpl.java:152)
	at org.jppf.io.IOHelper.unwrappedData(IOHelper.java:173)
	at org.jppf.server.node.JPPFContainer$ObjectDeserializationTask.call(JPPFContainer.java:185)
	at java.util.concurrent.FutureTask$Sync.innerRun(Unknown Source)
	at java.util.concurrent.FutureTask.run(Unknown Source)
	at java.util.concurrent.ThreadPoolExecutor.runWorker(Unknown Source)
	at java.util.concurrent.ThreadPoolExecutor$Worker.run(Unknown Source)
	at java.lang.Thread.run(Unknown Source)
2013-02-15 17:01:59,433 [ERROR][org.jppf.server.node.JPPFNode.run(145)]: 
java.lang.NegativeArraySizeException
	at org.jppf.io.MultipleBuffersLocation.<init>(MultipleBuffersLocation.java:70)
	at org.jppf.io.IOHelper.createDataLocationMemorySensitive(IOHelper.java:74)
	at org.jppf.io.IOHelper.readData(IOHelper.java:96)
	at org.jppf.io.IOHelper.unwrappedData(IOHelper.java:150)
	at org.jppf.server.node.remote.RemoteNodeIO.deserializeObjects(RemoteNodeIO.java:70)
	at org.jppf.server.node.AbstractNodeIO.readObjects(AbstractNodeIO.java:115)
	at org.jppf.server.node.AbstractNodeIO.readTask(AbstractNodeIO.java:84)
	at org.jppf.server.node.JPPFNode.perform(JPPFNode.java:169)
	at org.jppf.server.node.JPPFNode.run(JPPFNode.java:129)
	at org.jppf.node.NodeRunner.main(NodeRunner.java:149)
2013-02-15 17:01:59,594 [ERROR][org.jppf.server.node.remote.RemoteNodeIO.deserializeObjects(101)]: Exception occurred while deserializing the tasks
java.lang.ClassNotFoundException: Could not load class 'org.jppf.utils.SerializationHelperImpl'
	at org.jppf.classloader.AbstractJPPFClassLoader.findClass(AbstractJPPFClassLoader.java:151)
	at org.jppf.classloader.AbstractJPPFClassLoader.loadJPPFClass(AbstractJPPFClassLoader.java:91)
	at org.jppf.server.node.JPPFContainer.initHelper(JPPFContainer.java:120)
	at org.jppf.server.node.JPPFContainer.init(JPPFContainer.java:92)
	at org.jppf.server.node.JPPFContainer.<init>(JPPFContainer.java:83)
	at org.jppf.server.node.remote.JPPFRemoteContainer.<init>(JPPFRemoteContainer.java:64)
	at org.jppf.server.node.remote.RemoteClassLoaderManager.newJPPFContainer(RemoteClassLoaderManager.java:75)
	at org.jppf.server.node.AbstractClassLoaderManager.getContainer(AbstractClassLoaderManager.java:143)
	at org.jppf.server.node.JPPFNode.getContainer(JPPFNode.java:348)
	at org.jppf.server.node.remote.RemoteNodeIO.deserializeObjects(RemoteNodeIO.java:87)
	at org.jppf.server.node.remote.RemoteNodeIO.deserializeObjects(RemoteNodeIO.java:72)
	at org.jppf.server.node.AbstractNodeIO.readObjects(AbstractNodeIO.java:115)
	at org.jppf.server.node.AbstractNodeIO.readTask(AbstractNodeIO.java:84)
	at org.jppf.server.node.JPPFNode.perform(JPPFNode.java:169)
	at org.jppf.server.node.JPPFNode.run(JPPFNode.java:129)
	at org.jppf.node.NodeRunner.main(NodeRunner.java:149)
2013-02-15 17:01:59,619 [ERROR][org.jppf.server.node.JPPFNode.run(145)]: org.jppf.task.storage.MemoryMapDataProvider cannot be cast to org.jppf.server.protocol.JPPFTaskBundle
java.lang.ClassCastException: org.jppf.task.storage.MemoryMapDataProvider cannot be cast to org.jppf.server.protocol.JPPFTaskBundle
	at org.jppf.server.node.remote.RemoteNodeIO.deserializeObjects(RemoteNodeIO.java:70)
	at org.jppf.server.node.AbstractNodeIO.readObjects(AbstractNodeIO.java:115)
	at org.jppf.server.node.AbstractNodeIO.readTask(AbstractNodeIO.java:84)
	at org.jppf.server.node.JPPFNode.perform(JPPFNode.java:169)
	at org.jppf.server.node.JPPFNode.run(JPPFNode.java:129)
	at org.jppf.node.NodeRunner.main(NodeRunner.java:149)
2013-02-15 17:01:59,742 [ERROR][org.jppf.server.node.remote.RemoteNodeIO.deserializeObjects(101)]: Exception occurred while deserializing the tasks
java.lang.ClassNotFoundException: Could not load class 'org.jppf.utils.SerializationHelperImpl'
	at org.jppf.classloader.AbstractJPPFClassLoader.findClass(AbstractJPPFClassLoader.java:151)
	at org.jppf.classloader.AbstractJPPFClassLoader.loadJPPFClass(AbstractJPPFClassLoader.java:91)
	at org.jppf.server.node.JPPFContainer.initHelper(JPPFContainer.java:120)
	at org.jppf.server.node.JPPFContainer.init(JPPFContainer.java:92)
	at org.jppf.server.node.JPPFContainer.<init>(JPPFContainer.java:83)
	at org.jppf.server.node.remote.JPPFRemoteContainer.<init>(JPPFRemoteContainer.java:64)
	at org.jppf.server.node.remote.RemoteClassLoaderManager.newJPPFContainer(RemoteClassLoaderManager.java:75)
	at org.jppf.server.node.AbstractClassLoaderManager.getContainer(AbstractClassLoaderManager.java:143)
	at org.jppf.server.node.JPPFNode.getContainer(JPPFNode.java:348)
	at org.jppf.server.node.remote.RemoteNodeIO.deserializeObjects(RemoteNodeIO.java:87)
	at org.jppf.server.node.remote.RemoteNodeIO.deserializeObjects(RemoteNodeIO.java:72)
	at org.jppf.server.node.AbstractNodeIO.readObjects(AbstractNodeIO.java:115)
	at org.jppf.server.node.AbstractNodeIO.readTask(AbstractNodeIO.java:84)
	at org.jppf.server.node.JPPFNode.perform(JPPFNode.java:169)
	at org.jppf.server.node.JPPFNode.run(JPPFNode.java:129)
	at org.jppf.node.NodeRunner.main(NodeRunner.java:149)
e.RemoteNodeIO.deserializeObjects(RemoteNodeIO.java:72)
	at org.jppf.server.node.AbstractNodeIO.readObjects(AbstractNodeIO.java:115)
	at org.jppf.server.node.AbstractNodeIO.readTask(AbstractNodeIO.java:84)
	at org.jppf.server.node.JPPFNode.perform(JPPFNode.java:169)
	at org.jppf.server.node.JPPFNode.run(JPPFNode.java:129)
	at org.jppf.node.NodeRunner.main(NodeRunner.java:149)
